<?xml version="1.0" encoding="UTF-8"?>
<!-- Generated by org.testng.reporters.JUnitXMLReporter -->
<testsuite hostname="MXLRCWKS00019" failures="1" tests="3" name="Test" time="17.443" errors="0" timestamp="3 Mar 2021 04:07:02 GMT">
  <testcase classname="Test.Global" name="testeo" time="0.024"/>
  <testcase classname="Test.Login" name="login" time="6.913"/>
  <testcase classname="Test.Empresas" name="selempresa" time="10.471">
    <failure type="java.lang.AssertionError">
      <![CDATA[java.lang.AssertionError
	at org.junit.Assert.fail(Assert.java:92)
	at org.junit.Assert.assertTrue(Assert.java:43)
	at org.junit.Assert.assertTrue(Assert.java:54)
	at POM.CEmpresa.empresa(CEmpresa.java:19)
	at Test.Empresas.selempresa(Empresas.java:17)
... Removed 24 stack frames]]>
    </failure>
  </testcase> <!-- selempresa -->
</testsuite> <!-- Test -->
